2023-08-22 16:28:06,546 [INFO] Activator:176 - 


2023-08-22 16:28:06,549 [INFO] Activator:177 - !SESSION log4j initialized
2023-08-22 16:28:10,122 [INFO] LogOutputStream:77 - [STDOUT_REDIRECT] 
2023-08-22 16:28:13,212 [INFO] ApplicationProperties:184 - Using Application install path: C:\ST\STM32CubeIDE_1.6.1\STM32CubeIDE\plugins\com.st.stm32cube.common.mx_6.9.1.202307191849
2023-08-22 16:28:13,240 [INFO] DbMcusXml:78 - Set database path to: C:\ST\STM32CubeIDE_1.6.1\STM32CubeIDE\plugins\com.st.stm32cube.common.mx_6.9.1.202307191849\\db\/mcu/
2023-08-22 16:28:13,241 [INFO] ApiDb:274 - Set plugin database path to: C:\ST\STM32CubeIDE_1.6.1\STM32CubeIDE\plugins\com.st.stm32cube.common.mx_6.9.1.202307191849\\db\/plugins/boardmanager/
2023-08-22 16:28:13,272 [WARN] ApiDb:259 - Overriding images path with different value:  => C:\ST\STM32CubeIDE_1.6.1\STM32CubeIDE\plugins\com.st.stm32cube.common.mx_6.9.1.202307191849\\db\/plugins/mcufinder/images/
2023-08-22 16:28:13,285 [INFO] ApiDb:250 - Set database path to: C:\Users\wkd10\.stmcufinder\plugins\mcufinder//mcu/
2023-08-22 16:28:13,287 [INFO] DbMcusAds:125 - Set database path to: C:\Users\wkd10\.stmcufinder\plugins\mcufinder//mcu/
2023-08-22 16:28:13,290 [INFO] CrossReferenceDbSqlite:203 - Set database path to: C:\Users\wkd10\.stmcufinder\plugins\mcufinder//mcu/cs/
2023-08-22 16:28:13,455 [INFO] RulesReader:64 - Compatibility file has been processed (293 Rules)
2023-08-22 16:28:13,709 [INFO] DbMcusXml:78 - Set database path to: C:\ST\STM32CubeIDE_1.6.1\STM32CubeIDE\plugins\com.st.stm32cube.common.mx_6.9.1.202307191849\\db\/mcu/
2023-08-22 16:28:13,709 [INFO] ApiDb:274 - Set plugin database path to: C:\ST\STM32CubeIDE_1.6.1\STM32CubeIDE\plugins\com.st.stm32cube.common.mx_6.9.1.202307191849\\db\/plugins/boardmanager/
2023-08-22 16:28:13,710 [INFO] ApiDb:261 - Set plugin images path to: C:\ST\STM32CubeIDE_1.6.1\STM32CubeIDE\plugins\com.st.stm32cube.common.mx_6.9.1.202307191849\\db\/plugins/mcufinder/images/
2023-08-22 16:28:13,711 [WARN] DbFile:41 - Overriding database path with different value: C:\Users\wkd10\.stmcufinder\plugins\mcufinder/ => C:\Users\wkd10\.stmcufinder\plugins\mcufinder
2023-08-22 16:28:13,711 [INFO] ApiDb:250 - Set database path to: C:\Users\wkd10\.stmcufinder\plugins\mcufinder//mcu/
2023-08-22 16:28:13,711 [WARN] DbFile:41 - Overriding database path with different value: C:\Users\wkd10\.stmcufinder\plugins\mcufinder/ => C:\Users\wkd10\.stmcufinder\plugins\mcufinder
2023-08-22 16:28:13,712 [INFO] DbMcusAds:125 - Set database path to: C:\Users\wkd10\.stmcufinder\plugins\mcufinder//mcu/
2023-08-22 16:28:13,712 [WARN] DbFile:41 - Overriding database path with different value: C:\Users\wkd10\.stmcufinder\plugins\mcufinder/ => C:\Users\wkd10\.stmcufinder\plugins\mcufinder
2023-08-22 16:28:13,712 [WARN] DbFile:41 - Overriding database path with different value: C:\Users\wkd10\.stmcufinder\plugins\mcufinder/ => C:\Users\wkd10\.stmcufinder\plugins\mcufinder
2023-08-22 16:28:13,712 [INFO] CrossReferenceDbSqlite:203 - Set database path to: C:\Users\wkd10\.stmcufinder\plugins\mcufinder//mcu/cs/
2023-08-22 16:28:13,950 [INFO] MainPanel:262 - HeapMemory: 268435456
2023-08-22 16:28:14,085 [INFO] DbMcusXml:78 - Set database path to: C:\ST\STM32CubeIDE_1.6.1\STM32CubeIDE\plugins\com.st.stm32cube.common.mx_6.9.1.202307191849\\db\/mcu/
2023-08-22 16:28:14,085 [INFO] ApiDb:274 - Set plugin database path to: C:\ST\STM32CubeIDE_1.6.1\STM32CubeIDE\plugins\com.st.stm32cube.common.mx_6.9.1.202307191849\\db\/plugins/boardmanager/
2023-08-22 16:28:14,085 [INFO] ApiDb:261 - Set plugin images path to: C:\ST\STM32CubeIDE_1.6.1\STM32CubeIDE\plugins\com.st.stm32cube.common.mx_6.9.1.202307191849\\db\/plugins/mcufinder/images/
2023-08-22 16:28:14,086 [WARN] DbFile:41 - Overriding database path with different value: C:\Users\wkd10\.stmcufinder\plugins\mcufinder/ => C:\Users\wkd10\.stmcufinder\plugins\mcufinder
2023-08-22 16:28:14,087 [INFO] ApiDb:250 - Set database path to: C:\Users\wkd10\.stmcufinder\plugins\mcufinder//mcu/
2023-08-22 16:28:14,087 [WARN] DbFile:41 - Overriding database path with different value: C:\Users\wkd10\.stmcufinder\plugins\mcufinder/ => C:\Users\wkd10\.stmcufinder\plugins\mcufinder
2023-08-22 16:28:14,087 [INFO] DbMcusAds:125 - Set database path to: C:\Users\wkd10\.stmcufinder\plugins\mcufinder//mcu/
2023-08-22 16:28:14,087 [WARN] DbFile:41 - Overriding database path with different value: C:\Users\wkd10\.stmcufinder\plugins\mcufinder/ => C:\Users\wkd10\.stmcufinder\plugins\mcufinder
2023-08-22 16:28:14,087 [WARN] DbFile:41 - Overriding database path with different value: C:\Users\wkd10\.stmcufinder\plugins\mcufinder/ => C:\Users\wkd10\.stmcufinder\plugins\mcufinder
2023-08-22 16:28:14,088 [INFO] CrossReferenceDbSqlite:203 - Set database path to: C:\Users\wkd10\.stmcufinder\plugins\mcufinder//mcu/cs/
2023-08-22 16:28:14,172 [INFO] ApplicationProperties:184 - Using Application install path: C:\ST\STM32CubeIDE_1.6.1\STM32CubeIDE\plugins\com.st.stm32cube.common.mx_6.9.1.202307191849
2023-08-22 16:28:14,223 [INFO] PluginManage:196 - Search for loadable plugins [exclusion list=, ]
2023-08-22 16:28:14,226 [INFO] PluginManage:310 - Check plugin analytics
2023-08-22 16:28:14,584 [INFO] AnalyticsPlugin:253 - Accepted Software Licenses: STM32CubeMX.6.2.1,STM32CubeMX.6.5.0,STM32CubeMX.6.7.0
2023-08-22 16:28:14,585 [INFO] AnalyticsPlugin:255 - Accepted CMSIS Pack Licenses: 
2023-08-22 16:28:14,585 [INFO] AnalyticsPlugin:257 - Accepted Firmware Licenses: FW.F4.1.27.0
2023-08-22 16:28:14,599 [INFO] PluginManage:359 - Loaded plugin analytics (category:tool,tabindex:-1)
2023-08-22 16:28:14,601 [INFO] PluginManage:310 - Check plugin cadmodel
2023-08-22 16:28:14,642 [INFO] CADModel:105 - Init CAD model plugin
2023-08-22 16:28:14,642 [INFO] PluginManage:359 - Loaded plugin cadmodel (category:power,tabindex:5)
2023-08-22 16:28:14,643 [INFO] PluginManage:310 - Check plugin clock
2023-08-22 16:28:14,656 [INFO] PluginManage:359 - Loaded plugin clock (category:base,tabindex:2)
2023-08-22 16:28:14,656 [INFO] PluginManage:310 - Check plugin ddr
2023-08-22 16:28:14,660 [INFO] PluginManage:359 - Loaded plugin ddr (category:tool,tabindex:6)
2023-08-22 16:28:14,661 [INFO] PluginManage:310 - Check plugin filemanager
2023-08-22 16:28:14,899 [INFO] PluginManage:359 - Loaded plugin filemanager (category:base,tabindex:10)
2023-08-22 16:28:14,900 [INFO] PluginManage:310 - Check plugin ipmanager
2023-08-22 16:28:14,912 [INFO] PluginManage:359 - Loaded plugin ipmanager (category:base,tabindex:5)
2023-08-22 16:28:14,912 [INFO] PluginManage:310 - Check plugin lpbam
2023-08-22 16:28:14,927 [INFO] PluginManage:359 - Loaded plugin lpbam (category:base,tabindex:0)
2023-08-22 16:28:14,927 [INFO] PluginManage:310 - Check plugin memorymap
2023-08-22 16:28:14,946 [INFO] PluginManage:359 - Loaded plugin memorymap (category:base,tabindex:4)
2023-08-22 16:28:14,946 [INFO] PluginManage:310 - Check plugin pinoutandconfiguration
2023-08-22 16:28:14,961 [INFO] PluginManage:359 - Loaded plugin pinoutandconfiguration (category:base,tabindex:1)
2023-08-22 16:28:14,961 [INFO] PluginManage:310 - Check plugin pinoutconfig
2023-08-22 16:28:15,132 [WARN] SupportedApi:132 - Cannot load RTOS API schema: s4s-elt-must-match.1: The content of 'definitions' must match (annotation?, (simpleType | complexType)?, (unique | key | keyref)*)). A problem was found starting at: attribute.
2023-08-22 16:28:15,376 [INFO] PluginManage:359 - Loaded plugin pinoutconfig (category:base,tabindex:0)
2023-08-22 16:28:15,376 [INFO] PluginManage:310 - Check plugin power
2023-08-22 16:28:15,385 [INFO] PluginManage:359 - Loaded plugin power (category:power,tabindex:4)
2023-08-22 16:28:15,386 [INFO] PluginManage:310 - Check plugin projectmanager
2023-08-22 16:28:15,413 [INFO] PluginManage:359 - Loaded plugin projectmanager (category:projectmanager,tabindex:3)
2023-08-22 16:28:15,414 [INFO] PluginManage:310 - Check plugin thirdparty
2023-08-22 16:28:15,652 [WARN] IntegrityCheckThread:84 - waiting for thirdparty lock release [integrity check]
2023-08-22 16:28:15,654 [INFO] IntegrityCheckThread:86 - entering critical section [integrity check]
2023-08-22 16:28:15,655 [INFO] ThirdPartyUpdaterWithRetryManager:70 - Updater plugin not ready yet. [1/15]
2023-08-22 16:28:15,655 [INFO] PluginManage:359 - Loaded plugin thirdparty (category:base,tabindex:-1)
2023-08-22 16:28:15,655 [INFO] PluginManage:310 - Check plugin tools
2023-08-22 16:28:15,659 [INFO] PluginManage:359 - Loaded plugin tools (category:base,tabindex:7)
2023-08-22 16:28:15,659 [INFO] PluginManage:310 - Check plugin tutovideos
2023-08-22 16:28:15,899 [INFO] PluginManage:359 - Loaded plugin tutovideos (category:base,tabindex:-1)
2023-08-22 16:28:15,899 [INFO] PluginManage:310 - Check plugin updater
2023-08-22 16:28:15,912 [INFO] PluginManage:359 - Loaded plugin updater (category:base,tabindex:12)
2023-08-22 16:28:15,912 [INFO] PluginManage:310 - Check plugin userauth
2023-08-22 16:28:15,919 [INFO] UserAuth:113 - Init User Auth plugin
2023-08-22 16:28:15,920 [INFO] PluginManage:359 - Loaded plugin userauth (category:base,tabindex:14)
2023-08-22 16:28:15,920 [INFO] PluginManage:283 - PluginManage : Loaded plugins [17]
2023-08-22 16:28:16,247 [INFO] PinOutPanel:1499 - setPackage(No Configuration,No Configuration)
2023-08-22 16:28:16,400 [INFO] CADModel:165 - CPN selected for project level
2023-08-22 16:28:16,400 [INFO] CADModel:114 - Register for checkConnection events
2023-08-22 16:28:16,428 [INFO] IPUIPlugin:80 - create IPUIPlugin
2023-08-22 16:28:16,428 [INFO] PluginManager:220 - loadIPPluginJar : add adc
2023-08-22 16:28:16,431 [INFO] IPUIPlugin:80 - create IPUIPlugin
2023-08-22 16:28:16,431 [INFO] PluginManager:220 - loadIPPluginJar : add aes
2023-08-22 16:28:16,435 [INFO] IPUIPlugin:80 - create IPUIPlugin
2023-08-22 16:28:16,435 [INFO] PluginManager:220 - loadIPPluginJar : add can
2023-08-22 16:28:16,438 [INFO] IPUIPlugin:80 - create IPUIPlugin
2023-08-22 16:28:16,438 [INFO] PluginManager:220 - loadIPPluginJar : add comp
2023-08-22 16:28:16,441 [INFO] IPUIPlugin:80 - create IPUIPlugin
2023-08-22 16:28:16,441 [INFO] PluginManager:220 - loadIPPluginJar : add cryp
2023-08-22 16:28:16,444 [INFO] IPUIPlugin:80 - create IPUIPlugin
2023-08-22 16:28:16,444 [INFO] PluginManager:220 - loadIPPluginJar : add dfsdm
2023-08-22 16:28:16,451 [INFO] IPUIPlugin:80 - create IPUIPlugin
2023-08-22 16:28:16,452 [INFO] PluginManager:220 - loadIPPluginJar : add dma
2023-08-22 16:28:16,455 [INFO] IPUIPlugin:80 - create IPUIPlugin
2023-08-22 16:28:16,456 [INFO] PluginManager:220 - loadIPPluginJar : add dma3
2023-08-22 16:28:16,457 [INFO] IPUIPlugin:80 - create IPUIPlugin
2023-08-22 16:28:16,457 [INFO] PluginManager:220 - loadIPPluginJar : add fatfs
2023-08-22 16:28:16,462 [INFO] IPUIPlugin:80 - create IPUIPlugin
2023-08-22 16:28:16,462 [INFO] PluginManager:220 - loadIPPluginJar : add fmc
2023-08-22 16:28:16,468 [INFO] IPUIPlugin:80 - create IPUIPlugin
2023-08-22 16:28:16,468 [INFO] PluginManager:220 - loadIPPluginJar : add freertos
2023-08-22 16:28:16,470 [INFO] IPUIPlugin:80 - create IPUIPlugin
2023-08-22 16:28:16,470 [INFO] PluginManager:220 - loadIPPluginJar : add genericplugin
2023-08-22 16:28:16,472 [INFO] IPUIPlugin:80 - create IPUIPlugin
2023-08-22 16:28:16,473 [INFO] PluginManager:220 - loadIPPluginJar : add gfxmmu
2023-08-22 16:28:16,478 [INFO] IPUIPlugin:80 - create IPUIPlugin
2023-08-22 16:28:16,478 [INFO] PluginManager:220 - loadIPPluginJar : add gic
2023-08-22 16:28:16,483 [INFO] IPUIPlugin:80 - create IPUIPlugin
2023-08-22 16:28:16,483 [INFO] PluginManager:220 - loadIPPluginJar : add gpio
2023-08-22 16:28:16,486 [INFO] IPUIPlugin:80 - create IPUIPlugin
2023-08-22 16:28:16,486 [INFO] PluginManager:220 - loadIPPluginJar : add gtzc
2023-08-22 16:28:16,488 [INFO] IPUIPlugin:80 - create IPUIPlugin
2023-08-22 16:28:16,488 [INFO] PluginManager:220 - loadIPPluginJar : add hash
2023-08-22 16:28:16,491 [INFO] IPUIPlugin:80 - create IPUIPlugin
2023-08-22 16:28:16,491 [INFO] PluginManager:220 - loadIPPluginJar : add i2c
2023-08-22 16:28:16,493 [INFO] IPUIPlugin:80 - create IPUIPlugin
2023-08-22 16:28:16,493 [INFO] PluginManager:220 - loadIPPluginJar : add i2s
2023-08-22 16:28:16,495 [INFO] IPUIPlugin:80 - create IPUIPlugin
2023-08-22 16:28:16,495 [INFO] PluginManager:220 - loadIPPluginJar : add i3c
2023-08-22 16:28:16,499 [INFO] IPUIPlugin:80 - create IPUIPlugin
2023-08-22 16:28:16,499 [INFO] PluginManager:220 - loadIPPluginJar : add ipddr
2023-08-22 16:28:16,508 [INFO] IPUIPlugin:80 - create IPUIPlugin
2023-08-22 16:28:16,508 [INFO] PluginManager:220 - loadIPPluginJar : add linkedlist
2023-08-22 16:28:16,511 [INFO] IPUIPlugin:80 - create IPUIPlugin
2023-08-22 16:28:16,511 [INFO] PluginManager:220 - loadIPPluginJar : add lorawan
2023-08-22 16:28:16,512 [INFO] IPUIPlugin:80 - create IPUIPlugin
2023-08-22 16:28:16,512 [INFO] PluginManager:220 - loadIPPluginJar : add ltdc
2023-08-22 16:28:16,520 [INFO] IPUIPlugin:80 - create IPUIPlugin
2023-08-22 16:28:16,520 [INFO] PluginManager:220 - loadIPPluginJar : add mdma
2023-08-22 16:28:16,524 [INFO] IPUIPlugin:80 - create IPUIPlugin
2023-08-22 16:28:16,525 [INFO] PluginManager:220 - loadIPPluginJar : add nvic
2023-08-22 16:28:16,528 [INFO] IPUIPlugin:80 - create IPUIPlugin
2023-08-22 16:28:16,528 [INFO] PluginManager:220 - loadIPPluginJar : add opamp
2023-08-22 16:28:16,531 [INFO] IPUIPlugin:80 - create IPUIPlugin
2023-08-22 16:28:16,532 [INFO] PluginManager:220 - loadIPPluginJar : add openamp
2023-08-22 16:28:16,536 [INFO] IPUIPlugin:80 - create IPUIPlugin
2023-08-22 16:28:16,536 [INFO] PluginManager:220 - loadIPPluginJar : add pdm2pcm
2023-08-22 16:28:16,543 [INFO] IPUIPlugin:80 - create IPUIPlugin
2023-08-22 16:28:16,547 [INFO] PluginManager:220 - loadIPPluginJar : add plateformsettings
2023-08-22 16:28:16,550 [INFO] IPUIPlugin:80 - create IPUIPlugin
2023-08-22 16:28:16,550 [INFO] PluginManager:220 - loadIPPluginJar : add quadspi
2023-08-22 16:28:16,554 [INFO] IPUIPlugin:80 - create IPUIPlugin
2023-08-22 16:28:16,554 [INFO] PluginManager:220 - loadIPPluginJar : add resmgrutility
2023-08-22 16:28:16,558 [INFO] IPUIPlugin:80 - create IPUIPlugin
2023-08-22 16:28:16,558 [INFO] PluginManager:220 - loadIPPluginJar : add sai
2023-08-22 16:28:16,561 [INFO] IPUIPlugin:80 - create IPUIPlugin
2023-08-22 16:28:16,562 [INFO] PluginManager:220 - loadIPPluginJar : add spi
2023-08-22 16:28:16,569 [INFO] IPUIPlugin:80 - create IPUIPlugin
2023-08-22 16:28:16,569 [INFO] PluginManager:220 - loadIPPluginJar : add stm32_wpan
2023-08-22 16:28:16,571 [INFO] IPUIPlugin:80 - create IPUIPlugin
2023-08-22 16:28:16,571 [INFO] PluginManager:220 - loadIPPluginJar : add tim
2023-08-22 16:28:16,575 [INFO] IPUIPlugin:80 - create IPUIPlugin
2023-08-22 16:28:16,576 [INFO] PluginManager:220 - loadIPPluginJar : add touchsensing
2023-08-22 16:28:16,578 [INFO] IPUIPlugin:80 - create IPUIPlugin
2023-08-22 16:28:16,578 [INFO] PluginManager:220 - loadIPPluginJar : add tracer_emb
2023-08-22 16:28:16,580 [INFO] IPUIPlugin:80 - create IPUIPlugin
2023-08-22 16:28:16,580 [INFO] PluginManager:220 - loadIPPluginJar : add ts
2023-08-22 16:28:16,582 [INFO] IPUIPlugin:80 - create IPUIPlugin
2023-08-22 16:28:16,582 [INFO] PluginManager:220 - loadIPPluginJar : add tsc
2023-08-22 16:28:16,585 [INFO] IPUIPlugin:80 - create IPUIPlugin
2023-08-22 16:28:16,585 [INFO] PluginManager:220 - loadIPPluginJar : add ucpd
2023-08-22 16:28:16,589 [INFO] IPUIPlugin:80 - create IPUIPlugin
2023-08-22 16:28:16,589 [INFO] PluginManager:220 - loadIPPluginJar : add usart
2023-08-22 16:28:16,592 [INFO] IPUIPlugin:80 - create IPUIPlugin
2023-08-22 16:28:16,593 [INFO] PluginManager:220 - loadIPPluginJar : add usbx
2023-08-22 16:28:16,739 [INFO] CADModel:165 - CPN selected for project level
2023-08-22 16:28:16,740 [INFO] CADModel:114 - Register for checkConnection events
2023-08-22 16:28:16,740 [FATAL] Updater:308 - Updater called before beeing initialized
2023-08-22 16:28:16,740 [ERROR] CADModel:125 - Updater not yet initialized, retry later 
2023-08-22 16:28:17,001 [INFO] CADModel:165 - CPN selected for project level
2023-08-22 16:28:17,001 [INFO] CADModel:114 - Register for checkConnection events
2023-08-22 16:28:17,001 [FATAL] Updater:308 - Updater called before beeing initialized
2023-08-22 16:28:17,001 [ERROR] CADModel:125 - Updater not yet initialized, retry later 
2023-08-22 16:28:17,008 [FATAL] Updater:308 - Updater called before beeing initialized
2023-08-22 16:28:17,169 [FATAL] Updater:308 - Updater called before beeing initialized
2023-08-22 16:28:17,179 [INFO] DbMcusAds:53 - JSON generation date=Thu Sep 30 15:55:09 KST 2021 (1632984909247)
2023-08-22 16:28:17,180 [FATAL] Updater:308 - Updater called before beeing initialized
2023-08-22 16:28:17,236 [WARN] DetailPanel:346 - Failed to get advertising image, set to default
2023-08-22 16:28:17,380 [FATAL] Updater:308 - Updater called before beeing initialized
2023-08-22 16:28:17,383 [FATAL] Updater:308 - Updater called before beeing initialized
2023-08-22 16:28:17,383 [FATAL] Updater:308 - Updater called before beeing initialized
2023-08-22 16:28:17,384 [WARN] DetailPanel:346 - Failed to get advertising image, set to default
2023-08-22 16:28:17,385 [FATAL] Updater:308 - Updater called before beeing initialized
2023-08-22 16:28:17,455 [ERROR] Updater:1120 - MainUpdater not yet initialized. External WinMGr cannot be set.
2023-08-22 16:28:17,458 [INFO] Updater:1056 - Updater Version found : 6.9.1
2023-08-22 16:28:17,486 [INFO] ApplicationProperties:184 - Using Application install path: C:\ST\STM32CubeIDE_1.6.1\STM32CubeIDE\plugins\com.st.stm32cube.common.mx_6.9.1.202307191849
2023-08-22 16:28:18,480 [INFO] MainUpdater:2868 - connection check result : 10
2023-08-22 16:28:18,482 [INFO] MainUpdater:285 - Updater Check For Update Now.
2023-08-22 16:28:18,482 [INFO] MicroXplorer:498 - Change Database Version : DB.6.0.91
2023-08-22 16:28:18,496 [INFO] McuFinderGlobals:63 - Set McuFinder mode to 2 (CubeIDE integrated)
2023-08-22 16:28:18,496 [INFO] UserAuth:179 - activating auth plugin
2023-08-22 16:28:18,502 [INFO] UserAuth:393 - Internet connection configuration mode: 1
2023-08-22 16:28:18,535 [INFO] JxBrowserEngine:151 - Initiate JxBrowser Engine with user profile folder
2023-08-22 16:28:18,655 [WARN] MainUpdater:1189 - Updater busy. Cannot search thirdparties
2023-08-22 16:28:18,655 [INFO] ThirdPartyUpdaterWithRetryManager:96 - Updater plugin is busy. [1/15]
2023-08-22 16:28:18,724 [INFO] CheckServerUpdateThread:120 - End of CheckServer Thread
2023-08-22 16:28:19,498 [INFO] WebApp:157 - Instantiating new browser for Auth
2023-08-22 16:28:20,194 [INFO] WebApp:753 - Register for checkConnection events
2023-08-22 16:28:20,194 [INFO] WebApp:390 - Apply proxy settings
2023-08-22 16:28:20,194 [INFO] WebApp:475 - Chromium requires no authentication
2023-08-22 16:28:20,202 [INFO] WebApp:418 - Direct internet connection detected
2023-08-22 16:28:20,438 [INFO] WebApp:188 - Starting web application
2023-08-22 16:28:20,438 [INFO] WebApp:520 - Web application path used C:\ST\STM32CubeIDE_1.6.1\STM32CubeIDE\plugins\com.st.stm32cube.common.mx_6.9.1.202307191849\db\plugins\mcufinder\reactClient1\index.html
2023-08-22 16:28:21,916 [WARN] PackLoader:240 - Cannot read IP mode file for wolfSSL.I-CUBE-wolfSSL.5.2.0
2023-08-22 16:28:21,940 [WARN] PackLoader:240 - Cannot read IP mode file for STMicroelectronics.X-CUBE-SMBUS.2.1.0
2023-08-22 16:28:22,060 [WARN] PackLoader:240 - Cannot read IP mode file for STMicroelectronics.X-CUBE-MEMS1.9.2.0
2023-08-22 16:28:22,286 [WARN] PackLoader:240 - Cannot read IP mode file for STMicroelectronics.X-CUBE-AZRTOS-F7.1.1.0
2023-08-22 16:28:22,294 [WARN] PackLoader:240 - Cannot read IP mode file for STMicroelectronics.X-CUBE-AI.7.1.0
2023-08-22 16:28:22,300 [WARN] PackLoader:240 - Cannot read IP mode file for STMicroelectronics.X-CUBE-TOUCHGFX.4.19.1
2023-08-22 16:28:22,309 [WARN] PackLoader:240 - Cannot read IP mode file for STMicroelectronics.FP-SNS-MOTENV1.4.3.2
2023-08-22 16:28:22,316 [WARN] PackLoader:240 - Cannot read IP mode file for STMicroelectronics.FP-SNS-FLIGHT1.5.0.1
2023-08-22 16:28:22,323 [WARN] PackLoader:240 - Cannot read IP mode file for STMicroelectronics.X-CUBE-BLE1.6.2.3
2023-08-22 16:28:22,329 [WARN] PackLoader:240 - Cannot read IP mode file for STMicroelectronics.X-CUBE-BLE1.6.2.4
2023-08-22 16:28:22,335 [WARN] PackLoader:240 - Cannot read IP mode file for STMicroelectronics.FP-SNS-FLIGHT1.5.0.2
2023-08-22 16:28:22,342 [WARN] PackLoader:240 - Cannot read IP mode file for STMicroelectronics.X-CUBE-BLE2.3.2.2
2023-08-22 16:28:22,353 [WARN] PackLoader:240 - Cannot read IP mode file for STMicroelectronics.X-CUBE-DISPLAY.3.0.0
2023-08-22 16:28:22,378 [WARN] PackLoader:240 - Cannot read IP mode file for STMicroelectronics.X-CUBE-BLE1.7.0.0
2023-08-22 16:28:22,382 [WARN] PackLoader:240 - Cannot read IP mode file for STMicroelectronics.X-CUBE-TOUCHGFX.4.22.0
2023-08-22 16:28:22,395 [WARN] PackLoader:240 - Cannot read IP mode file for STMicroelectronics.X-CUBE-SUBG2.4.2.0
2023-08-22 16:28:22,413 [INFO] LogOutputStream:77 - [STDOUT_REDIRECT] 1 : Invalid condition id : UX_CORESTACK_Condition cause : null
2023-08-22 16:28:22,414 [INFO] LogOutputStream:77 - [STDOUT_REDIRECT] 1 : Invalid condition id : UX_CORESTACK_Condition cause : null
2023-08-22 16:28:22,415 [INFO] LogOutputStream:77 - [STDOUT_REDIRECT] 1 : Invalid condition id : UX_CORESTACK_Condition cause : null
2023-08-22 16:28:22,417 [INFO] LogOutputStream:77 - [STDOUT_REDIRECT] 1 : Invalid condition id : UX_CORESTACK_Condition cause : null
2023-08-22 16:28:22,418 [INFO] LogOutputStream:77 - [STDOUT_REDIRECT] 1 : Invalid condition id : UX_CORESTACK_Condition cause : null
2023-08-22 16:28:22,421 [WARN] PackLoader:240 - Cannot read IP mode file for STMicroelectronics.X-CUBE-AZRTOS-WL.2.0.0
2023-08-22 16:28:22,432 [WARN] PackLoader:240 - Cannot read IP mode file for WES.I-CUBE-Cesium.1.3.0
2023-08-22 16:28:22,437 [WARN] PackLoader:240 - Cannot read IP mode file for STMicroelectronics.X-CUBE-BLE2.3.3.0
2023-08-22 16:28:22,442 [WARN] PackLoader:240 - Cannot read IP mode file for STMicroelectronics.X-CUBE-DISPLAY.2.2.0
2023-08-22 16:28:22,455 [WARN] PackLoader:240 - Cannot read IP mode file for STMicroelectronics.X-CUBE-TOF1.3.2.0
2023-08-22 16:28:22,498 [WARN] PackLoader:240 - Cannot read IP mode file for STMicroelectronics.X-CUBE-AZRTOS-H7.2.1.0
2023-08-22 16:28:22,506 [WARN] PackLoader:240 - Cannot read IP mode file for STMicroelectronics.X-CUBE-TOUCHGFX.4.21.1
2023-08-22 16:28:22,512 [WARN] PackLoader:240 - Cannot read IP mode file for STMicroelectronics.X-CUBE-TOUCHGFX.4.21.3
2023-08-22 16:28:22,560 [WARN] PackLoader:240 - Cannot read IP mode file for STMicroelectronics.X-CUBE-MEMS1.9.4.0
2023-08-22 16:28:22,694 [WARN] PackLoader:240 - Cannot read IP mode file for STMicroelectronics.X-CUBE-AI.7.3.0
2023-08-22 16:28:22,702 [WARN] PackLoader:240 - Cannot read IP mode file for STMicroelectronics.X-CUBE-ALGOBUILD.1.3.0
2023-08-22 16:28:22,725 [WARN] PackLoader:240 - Cannot read IP mode file for STMicroelectronics.X-CUBE-AZRTOS-G0.1.1.0
2023-08-22 16:28:22,731 [WARN] PackLoader:240 - Cannot read IP mode file for STMicroelectronics.X-CUBE-NFC4.3.0.0
2023-08-22 16:28:22,764 [WARN] PackLoader:240 - Cannot read IP mode file for SEGGER.I-CUBE-embOS.1.2.0
2023-08-22 16:28:22,824 [WARN] PackLoader:240 - Cannot read IP mode file for STMicroelectronics.X-CUBE-DISPLAY.2.1.0
2023-08-22 16:28:22,834 [WARN] PackLoader:240 - Cannot read IP mode file for STMicroelectronics.X-CUBE-BLEMGR.1.3.0
2023-08-22 16:28:22,855 [WARN] PackLoader:240 - Cannot read IP mode file for STMicroelectronics.X-CUBE-AZRTOS-H7.2.0.0
2023-08-22 16:28:22,883 [WARN] PackLoader:240 - Cannot read IP mode file for STMicroelectronics.FP-ATR-SIGFOX1.3.2.0
2023-08-22 16:28:22,891 [WARN] PackLoader:240 - Cannot read IP mode file for emotas.I-CUBE-CANOPEN.1.1.2
2023-08-22 16:28:22,936 [WARN] PackLoader:240 - Cannot read IP mode file for STMicroelectronics.X-CUBE-MEMS1.9.5.0
2023-08-22 16:28:23,132 [WARN] PackLoader:240 - Cannot read IP mode file for SEGGER.I-CUBE-embOS.1.3.1
2023-08-22 16:28:23,190 [WARN] PackLoader:240 - Cannot read IP mode file for STMicroelectronics.X-CUBE-TOF1.3.0.0
2023-08-22 16:28:23,197 [WARN] PackLoader:240 - Cannot read IP mode file for STMicroelectronics.X-CUBE-GNSS1.6.0.0
2023-08-22 16:28:23,216 [WARN] PackLoader:240 - Cannot read IP mode file for STMicroelectronics.X-CUBE-AZRTOS-F4.1.1.0
2023-08-22 16:28:23,232 [WARN] PackLoader:240 - Cannot read IP mode file for STMicroelectronics.X-CUBE-AZRTOS-L5.2.0.0
2023-08-22 16:28:23,272 [WARN] PackLoader:240 - Cannot read IP mode file for STMicroelectronics.X-CUBE-MEMS1.9.6.0
2023-08-22 16:28:23,388 [WARN] PackLoader:240 - Cannot read IP mode file for STMicroelectronics.X-CUBE-BLEMGR.2.0.0
2023-08-22 16:28:23,394 [WARN] PackLoader:240 - Cannot read IP mode file for STMicroelectronics.X-CUBE-NFC4.2.0.4
2023-08-22 16:28:23,436 [WARN] ConditionMgr:438 - getConditionDescription Invalid condition id : UX DEVICE CLASS RTOS Condition cause : null
2023-08-22 16:28:23,437 [WARN] ConditionMgr:438 - getConditionDescription Invalid condition id : UX DEVICE CLASS RTOS Condition cause : null
2023-08-22 16:28:23,442 [WARN] PackLoader:240 - Cannot read IP mode file for STMicroelectronics.X-CUBE-AZRTOS-H7.3.1.0
2023-08-22 16:28:23,444 [WARN] ConditionMgr:1039 - genDependencies : Invalid condition id : UX DEVICE CLASS RTOS Condition cause : null
2023-08-22 16:28:23,444 [WARN] ConditionMgr:1039 - genDependencies : Invalid condition id : UX DEVICE CLASS RTOS Condition cause : null
2023-08-22 16:28:23,445 [WARN] ConditionMgr:1039 - genDependencies : Invalid condition id : UX DEVICE CLASS RTOS Condition cause : null
2023-08-22 16:28:23,445 [WARN] ConditionMgr:1039 - genDependencies : Invalid condition id : UX DEVICE CLASS RTOS Condition cause : null
2023-08-22 16:28:23,445 [WARN] ConditionMgr:1039 - genDependencies : Invalid condition id : UX DEVICE CLASS RTOS Condition cause : null
2023-08-22 16:28:23,452 [WARN] PackLoader:240 - Cannot read IP mode file for STMicroelectronics.X-CUBE-SFXS2LP1.3.1.0
2023-08-22 16:28:23,471 [WARN] PackLoader:240 - Cannot read IP mode file for STMicroelectronics.X-CUBE-AZRTOS-F4.1.0.0
2023-08-22 16:28:23,482 [WARN] PackLoader:240 - Cannot read IP mode file for STMicroelectronics.X-CUBE-NFC7.1.0.1
2023-08-22 16:28:23,489 [WARN] PackLoader:240 - Cannot read IP mode file for STMicroelectronics.X-CUBE-NFC7.1.0.0
2023-08-22 16:28:23,498 [WARN] PackLoader:240 - Cannot read IP mode file for STMicroelectronics.X-CUBE-EEPRMA1.4.1.0
2023-08-22 16:28:23,506 [WARN] PackLoader:240 - Cannot read IP mode file for STMicroelectronics.X-CUBE-AI.8.1.0
2023-08-22 16:28:23,523 [WARN] PackLoader:240 - Cannot read IP mode file for STMicroelectronics.X-CUBE-AZRTOS-G0.1.0.0
2023-08-22 16:28:23,541 [WARN] ConditionMgr:438 - getConditionDescription Invalid condition id : LAN8742 Phy interface Condition cause : null
2023-08-22 16:28:23,542 [WARN] PackLoader:240 - Cannot read IP mode file for STMicroelectronics.X-CUBE-AZRTOS-L4.2.0.0
2023-08-22 16:28:23,544 [WARN] ConditionMgr:1039 - genDependencies : Invalid condition id : LAN8742 Phy interface Condition cause : null
2023-08-22 16:28:23,544 [WARN] ConditionMgr:1039 - genDependencies : Invalid condition id : LAN8742 Phy interface Condition cause : null
2023-08-22 16:28:23,544 [WARN] ConditionMgr:1039 - genDependencies : Invalid condition id : LAN8742 Phy interface Condition cause : null
2023-08-22 16:28:23,553 [WARN] PackLoader:240 - Cannot read IP mode file for STMicroelectronics.X-CUBE-SFXS2LP1.4.0.0
2023-08-22 16:28:23,570 [WARN] PackLoader:240 - Cannot read IP mode file for STMicroelectronics.X-CUBE-AZRTOS-H7.3.0.0
2023-08-22 16:28:23,578 [WARN] PackLoader:240 - Cannot read IP mode file for STMicroelectronics.X-CUBE-ISPU.1.1.0
2023-08-22 16:28:23,586 [WARN] PackLoader:240 - Cannot read IP mode file for RoweBots.I-CUBE-UNISONRTOS.5.5.0-4
2023-08-22 16:28:23,591 [WARN] PackLoader:240 - Cannot read IP mode file for STMicroelectronics.X-CUBE-AI.8.0.0
2023-08-22 16:28:23,602 [WARN] ConditionMgr:438 - getConditionDescription Invalid condition id : UX DEVICE CLASS RTOS Condition cause : null
2023-08-22 16:28:23,602 [WARN] ConditionMgr:438 - getConditionDescription Invalid condition id : UX DEVICE CLASS RTOS Condition cause : null
2023-08-22 16:28:23,604 [WARN] PackLoader:240 - Cannot read IP mode file for STMicroelectronics.X-CUBE-AZRTOS-WB.2.0.0
2023-08-22 16:28:23,604 [WARN] ConditionMgr:1039 - genDependencies : Invalid condition id : UX DEVICE CLASS RTOS Condition cause : null
2023-08-22 16:28:23,604 [WARN] ConditionMgr:1039 - genDependencies : Invalid condition id : UX DEVICE CLASS RTOS Condition cause : null
2023-08-22 16:28:23,605 [WARN] ConditionMgr:1039 - genDependencies : Invalid condition id : UX DEVICE CLASS RTOS Condition cause : null
2023-08-22 16:28:23,605 [WARN] ConditionMgr:1039 - genDependencies : Invalid condition id : UX DEVICE CLASS RTOS Condition cause : null
2023-08-22 16:28:23,605 [WARN] ConditionMgr:1039 - genDependencies : Invalid condition id : UX DEVICE CLASS RTOS Condition cause : null
2023-08-22 16:28:23,611 [WARN] PackLoader:240 - Cannot read IP mode file for STMicroelectronics.X-CUBE-FREERTOS.1.0.0
2023-08-22 16:28:23,617 [WARN] PackLoader:240 - Cannot read IP mode file for STMicroelectronics.X-CUBE-FREERTOS.1.0.1
2023-08-22 16:28:23,635 [WARN] PackLoader:240 - Cannot read IP mode file for STMicroelectronics.X-CUBE-AZRTOS-L5.1.1.0
2023-08-22 16:28:23,641 [WARN] PackLoader:240 - Cannot read IP mode file for STMicroelectronics.X-CUBE-AI.8.0.1
2023-08-22 16:28:23,649 [WARN] PackLoader:240 - Cannot read IP mode file for STMicroelectronics.X-CUBE-SUBG2.5.0.0
2023-08-22 16:28:23,668 [WARN] PackLoader:240 - Cannot read IP mode file for STMicroelectronics.X-CUBE-TOF1.3.3.1
2023-08-22 16:28:23,688 [WARN] PackLoader:240 - Cannot read IP mode file for STMicroelectronics.X-CUBE-AZRTOS-G4.2.0.0
2023-08-22 16:28:23,698 [WARN] PackLoader:240 - Cannot read IP mode file for STMicroelectronics.X-CUBE-TOF1.3.3.0
2023-08-22 16:28:23,715 [WARN] PackLoader:240 - Cannot read IP mode file for STMicroelectronics.FP-ATR-ASTRA1.1.1.1
2023-08-22 16:28:23,728 [WARN] PackLoader:240 - Cannot read IP mode file for STMicroelectronics.X-CUBE-AZRTOS-G4.1.0.0
2023-08-22 16:28:23,746 [WARN] PackLoader:240 - Cannot read IP mode file for STMicroelectronics.X-CUBE-AZRTOS-L4.1.0.0
2023-08-22 16:28:23,770 [WARN] PackLoader:240 - Cannot read IP mode file for STMicroelectronics.X-CUBE-AZRTOS-F7.1.0.0
2023-08-22 16:28:23,786 [WARN] PackLoader:240 - Cannot read IP mode file for STMicroelectronics.X-CUBE-AZRTOS-WL.1.0.0
2023-08-22 16:28:23,794 [WARN] PackLoader:240 - Cannot read IP mode file for portGmbH.I-Cube-SoM-uGOAL.1.1.0
2023-08-22 16:28:23,799 [WARN] PackLoader:240 - Cannot read IP mode file for STMicroelectronics.X-CUBE-ALS.1.0.1
2023-08-22 16:28:23,813 [WARN] PackLoader:240 - Cannot read IP mode file for STMicroelectronics.X-CUBE-AZRTOS-WB.1.1.0
2023-08-22 16:28:23,833 [WARN] PackLoader:240 - Cannot read IP mode file for STMicroelectronics.X-CUBE-AZRTOS-L5.1.0.0
2023-08-22 16:28:23,842 [WARN] PackLoader:240 - Cannot read IP mode file for STMicroelectronics.X-CUBE-EEPRMA1.3.1.1
2023-08-22 16:28:23,848 [WARN] PackLoader:240 - Cannot read IP mode file for STMicroelectronics.X-CUBE-GNSS1.5.2.0
2023-08-22 16:28:23,852 [WARN] PackLoader:240 - Cannot read IP mode file for STMicroelectronics.FP-ATR-ASTRA1.2.0.0
2023-08-22 16:28:23,853 [INFO] ThirdParty:978 - Integrity check success = true
2023-08-22 16:28:23,854 [INFO] IntegrityCheckThread:100 - exiting critical section [integrity check]
2023-08-22 16:28:23,854 [INFO] IntegrityCheckThread:103 - End integrity checks thread
2023-08-22 16:28:41,742 [ERROR] LogOutputStream:75 - [STDERR_REDIRECT] SLF4J: Failed to load class "org.slf4j.impl.StaticLoggerBinder".
2023-08-22 16:28:41,742 [ERROR] LogOutputStream:75 - [STDERR_REDIRECT] SLF4J: Defaulting to no-operation (NOP) logger implementation
2023-08-22 16:28:41,745 [ERROR] LogOutputStream:75 - [STDERR_REDIRECT] SLF4J: See http://www.slf4j.org/codes.html#StaticLoggerBinder for further details.
2023-08-22 19:24:19,829 [ERROR] LogOutputStream:75 - [STDERR_REDIRECT] 
